This file contains any messages produced by compilers while
running configure, to aid debugging if configure makes a mistake.

It was created by libgnustep-corebase configure 0.2, which was
generated by GNU Autoconf 2.69.  Invocation command line was

  $ ./configure 

## --------- ##
## Platform. ##
## --------- ##

hostname = bryce-MacBookPro
uname -m = x86_64
uname -r = 3.8.0-27-generic
uname -s = Linux
uname -v = #40-Ubuntu SMP Tue Jul 9 00:17:05 UTC 2013

/usr/bin/uname -p = unknown
/bin/uname -X     = unknown

/bin/arch              = unknown
/usr/bin/arch -k       = unknown
/usr/convex/getsysinfo = unknown
/usr/bin/hostinfo      = unknown
/bin/machine           = unknown
/usr/bin/oslevel       = unknown
/bin/universe          = unknown

PATH: /usr/lib/lightdm/lightdm
PATH: /usr/local/sbin
PATH: /usr/local/bin
PATH: /usr/sbin
PATH: /usr/bin
PATH: /sbin
PATH: /bin
PATH: /usr/games
PATH: /usr/local/games


## ----------- ##
## Core tests. ##
## ----------- ##

configure:2522: checking for gcc
configure:2549: result: clang
configure:2778: checking for C compiler version
configure:2787: clang --version >&5
Ubuntu clang version 3.4-1ubuntu1 (trunk) (based on LLVM 3.4)
Target: x86_64-pc-linux-gnu
Thread model: posix
configure:2798: $? = 0
configure:2787: clang -v >&5
Ubuntu clang version 3.4-1ubuntu1 (trunk) (based on LLVM 3.4)
Target: x86_64-pc-linux-gnu
Thread model: posix
configure:2798: $? = 0
configure:2787: clang -V >&5
clang: error: argument to '-V' is missing (expected 1 value)
clang: error: no input files
configure:2798: $? = 1
configure:2787: clang -qversion >&5
clang: error: no input files
configure:2798: $? = 1
configure:2818: checking whether the C compiler works
configure:2840: clang    conftest.c  >&5
configure:2844: $? = 0
configure:2892: result: yes
configure:2895: checking for C compiler default output file name
configure:2897: result: a.out
configure:2903: checking for suffix of executables
configure:2910: clang -o conftest    conftest.c  >&5
configure:2914: $? = 0
configure:2936: result: 
configure:2958: checking whether we are cross compiling
configure:2966: clang -o conftest    conftest.c  >&5
configure:2970: $? = 0
configure:2977: ./conftest
configure:2981: $? = 0
configure:2996: result: no
configure:3001: checking for suffix of object files
configure:3023: clang -c   conftest.c >&5
configure:3027: $? = 0
configure:3048: result: o
configure:3052: checking whether we are using the GNU C compiler
configure:3071: clang -c   conftest.c >&5
configure:3071: $? = 0
configure:3080: result: yes
configure:3089: checking whether clang accepts -g
configure:3109: clang -c -g  conftest.c >&5
configure:3109: $? = 0
configure:3150: result: yes
configure:3167: checking for clang option to accept ISO C89
configure:3230: clang  -c -g -O2  conftest.c >&5
configure:3230: $? = 0
configure:3243: result: none needed
configure:3271: checking how to run the C preprocessor
configure:3302: clang -E  conftest.c
configure:3302: $? = 0
configure:3316: clang -E  conftest.c
conftest.c:9:10: fatal error: 'ac_nonexistent.h' file not found
#include <ac_nonexistent.h>
         ^
1 error generated.
configure:3316: $? = 1
configure: failed program was:
| /* confdefs.h */
| #define PACKAGE_NAME "libgnustep-corebase"
| #define PACKAGE_TARNAME "libgnustep-corebase"
| #define PACKAGE_VERSION "0.2"
| #define PACKAGE_STRING "libgnustep-corebase 0.2"
| #define PACKAGE_BUGREPORT "bug-gnustep@gnu.org"
| #define PACKAGE_URL ""
| /* end confdefs.h.  */
| #include <ac_nonexistent.h>
configure:3341: result: clang -E
configure:3361: clang -E  conftest.c
configure:3361: $? = 0
configure:3375: clang -E  conftest.c
conftest.c:9:10: fatal error: 'ac_nonexistent.h' file not found
#include <ac_nonexistent.h>
         ^
1 error generated.
configure:3375: $? = 1
configure: failed program was:
| /* confdefs.h */
| #define PACKAGE_NAME "libgnustep-corebase"
| #define PACKAGE_TARNAME "libgnustep-corebase"
| #define PACKAGE_VERSION "0.2"
| #define PACKAGE_STRING "libgnustep-corebase 0.2"
| #define PACKAGE_BUGREPORT "bug-gnustep@gnu.org"
| #define PACKAGE_URL ""
| /* end confdefs.h.  */
| #include <ac_nonexistent.h>
configure:3404: checking for grep that handles long lines and -e
configure:3462: result: /bin/grep
configure:3467: checking for egrep
configure:3529: result: /bin/grep -E
configure:3534: checking for ANSI C header files
configure:3554: clang -c -g -O2  conftest.c >&5
configure:3554: $? = 0
configure:3627: clang -o conftest -g -O2   conftest.c  >&5
configure:3627: $? = 0
configure:3627: ./conftest
configure:3627: $? = 0
configure:3638: result: yes
configure:3651: checking for sys/types.h
configure:3651: clang -c -g -O2  conftest.c >&5
configure:3651: $? = 0
configure:3651: result: yes
configure:3651: checking for sys/stat.h
configure:3651: clang -c -g -O2  conftest.c >&5
configure:3651: $? = 0
configure:3651: result: yes
configure:3651: checking for stdlib.h
configure:3651: clang -c -g -O2  conftest.c >&5
configure:3651: $? = 0
configure:3651: result: yes
configure:3651: checking for string.h
configure:3651: clang -c -g -O2  conftest.c >&5
configure:3651: $? = 0
configure:3651: result: yes
configure:3651: checking for memory.h
configure:3651: clang -c -g -O2  conftest.c >&5
configure:3651: $? = 0
configure:3651: result: yes
configure:3651: checking for strings.h
configure:3651: clang -c -g -O2  conftest.c >&5
configure:3651: $? = 0
configure:3651: result: yes
configure:3651: checking for inttypes.h
configure:3651: clang -c -g -O2  conftest.c >&5
configure:3651: $? = 0
configure:3651: result: yes
configure:3651: checking for stdint.h
configure:3651: clang -c -g -O2  conftest.c >&5
configure:3651: $? = 0
configure:3651: result: yes
configure:3651: checking for unistd.h
configure:3651: clang -c -g -O2  conftest.c >&5
configure:3651: $? = 0
configure:3651: result: yes
configure:3666: checking fcntl.h usability
configure:3666: clang -c -g -O2  conftest.c >&5
configure:3666: $? = 0
configure:3666: result: yes
configure:3666: checking fcntl.h presence
configure:3666: clang -E  conftest.c
configure:3666: $? = 0
configure:3666: result: yes
configure:3666: checking for fcntl.h
configure:3666: result: yes
configure:3666: checking float.h usability
configure:3666: clang -c -g -O2  conftest.c >&5
configure:3666: $? = 0
configure:3666: result: yes
configure:3666: checking float.h presence
configure:3666: clang -E  conftest.c
configure:3666: $? = 0
configure:3666: result: yes
configure:3666: checking for float.h
configure:3666: result: yes
configure:3666: checking limits.h usability
configure:3666: clang -c -g -O2  conftest.c >&5
configure:3666: $? = 0
configure:3666: result: yes
configure:3666: checking limits.h presence
configure:3666: clang -E  conftest.c
configure:3666: $? = 0
configure:3666: result: yes
configure:3666: checking for limits.h
configure:3666: result: yes
configure:3666: checking math.h usability
configure:3666: clang -c -g -O2  conftest.c >&5
configure:3666: $? = 0
configure:3666: result: yes
configure:3666: checking math.h presence
configure:3666: clang -E  conftest.c
configure:3666: $? = 0
configure:3666: result: yes
configure:3666: checking for math.h
configure:3666: result: yes
configure:3666: checking stddef.h usability
configure:3666: clang -c -g -O2  conftest.c >&5
configure:3666: $? = 0
configure:3666: result: yes
configure:3666: checking stddef.h presence
configure:3666: clang -E  conftest.c
configure:3666: $? = 0
configure:3666: result: yes
configure:3666: checking for stddef.h
configure:3666: result: yes
configure:3666: checking for stdint.h
configure:3666: result: yes
configure:3666: checking for stdlib.h
configure:3666: result: yes
configure:3666: checking for string.h
configure:3666: result: yes
configure:3666: checking sys/time.h usability
configure:3666: clang -c -g -O2  conftest.c >&5
configure:3666: $? = 0
configure:3666: result: yes
configure:3666: checking sys/time.h presence
configure:3666: clang -E  conftest.c
configure:3666: $? = 0
configure:3666: result: yes
configure:3666: checking for sys/time.h
configure:3666: result: yes
configure:3666: checking for unistd.h
configure:3666: result: yes
configure:3678: checking for stdbool.h that conforms to C99
configure:3745: clang -c -g -O2  conftest.c >&5
configure:3745: $? = 0
configure:3752: result: yes
configure:3754: checking for _Bool
configure:3754: clang -c -g -O2  conftest.c >&5
configure:3754: $? = 0
configure:3754: clang -c -g -O2  conftest.c >&5
conftest.c:65:20: error: expected expression
if (sizeof ((_Bool)))
                   ^
1 error generated.
configure:3754: $? = 1
configure: failed program was:
| /* confdefs.h */
| #define PACKAGE_NAME "libgnustep-corebase"
| #define PACKAGE_TARNAME "libgnustep-corebase"
| #define PACKAGE_VERSION "0.2"
| #define PACKAGE_STRING "libgnustep-corebase 0.2"
| #define PACKAGE_BUGREPORT "bug-gnustep@gnu.org"
| #define PACKAGE_URL ""
| #define STDC_HEADERS 1
| #define HAVE_SYS_TYPES_H 1
| #define HAVE_SYS_STAT_H 1
| #define HAVE_STDLIB_H 1
| #define HAVE_STRING_H 1
| #define HAVE_MEMORY_H 1
| #define HAVE_STRINGS_H 1
| #define HAVE_INTTYPES_H 1
| #define HAVE_STDINT_H 1
| #define HAVE_UNISTD_H 1
| #define HAVE_FCNTL_H 1
| #define HAVE_FLOAT_H 1
| #define HAVE_LIMITS_H 1
| #define HAVE_MATH_H 1
| #define HAVE_STDDEF_H 1
| #define HAVE_STDINT_H 1
| #define HAVE_STDLIB_H 1
| #define HAVE_STRING_H 1
| #define HAVE_SYS_TIME_H 1
| #define HAVE_UNISTD_H 1
| /* end confdefs.h.  */
| #include <stdio.h>
| #ifdef HAVE_SYS_TYPES_H
| # include <sys/types.h>
| #endif
| #ifdef HAVE_SYS_STAT_H
| # include <sys/stat.h>
| #endif
| #ifdef STDC_HEADERS
| # include <stdlib.h>
| # include <stddef.h>
| #else
| # ifdef HAVE_STDLIB_H
| #  include <stdlib.h>
| # endif
| #endif
| #ifdef HAVE_STRING_H
| # if !defined STDC_HEADERS && defined HAVE_MEMORY_H
| #  include <memory.h>
| # endif
| # include <string.h>
| #endif
| #ifdef HAVE_STRINGS_H
| # include <strings.h>
| #endif
| #ifdef HAVE_INTTYPES_H
| # include <inttypes.h>
| #endif
| #ifdef HAVE_STDINT_H
| # include <stdint.h>
| #endif
| #ifdef HAVE_UNISTD_H
| # include <unistd.h>
| #endif
| int
| main ()
| {
| if (sizeof ((_Bool)))
| 	    return 0;
|   ;
|   return 0;
| }
configure:3754: result: yes
configure:3771: checking for inline
configure:3787: clang -c -g -O2  conftest.c >&5
configure:3787: $? = 0
configure:3795: result: inline
configure:3813: checking for ANSI C header files
configure:3917: result: yes
configure:3925: checking for int16_t
configure:3925: clang -c -g -O2  conftest.c >&5
configure:3925: $? = 0
configure:3925: clang -c -g -O2  conftest.c >&5
conftest.c:69:24: error: 'test_array' declared as an array with a negative size
static int test_array [1 - 2 * !((int16_t) (((((int16_t) 1 << N) << N) - 1) * 2 + 1)
                       ^~~~~~~~~~~~~~~~~~~~~~~~~~~~~~~~~~~~~~~~~~~~~~~~~~~~~~~~~~~~~
1 error generated.
configure:3925: $? = 1
configure: failed program was:
| /* confdefs.h */
| #define PACKAGE_NAME "libgnustep-corebase"
| #define PACKAGE_TARNAME "libgnustep-corebase"
| #define PACKAGE_VERSION "0.2"
| #define PACKAGE_STRING "libgnustep-corebase 0.2"
| #define PACKAGE_BUGREPORT "bug-gnustep@gnu.org"
| #define PACKAGE_URL ""
| #define STDC_HEADERS 1
| #define HAVE_SYS_TYPES_H 1
| #define HAVE_SYS_STAT_H 1
| #define HAVE_STDLIB_H 1
| #define HAVE_STRING_H 1
| #define HAVE_MEMORY_H 1
| #define HAVE_STRINGS_H 1
| #define HAVE_INTTYPES_H 1
| #define HAVE_STDINT_H 1
| #define HAVE_UNISTD_H 1
| #define HAVE_FCNTL_H 1
| #define HAVE_FLOAT_H 1
| #define HAVE_LIMITS_H 1
| #define HAVE_MATH_H 1
| #define HAVE_STDDEF_H 1
| #define HAVE_STDINT_H 1
| #define HAVE_STDLIB_H 1
| #define HAVE_STRING_H 1
| #define HAVE_SYS_TIME_H 1
| #define HAVE_UNISTD_H 1
| #define HAVE__BOOL 1
| #define HAVE_STDBOOL_H 1
| #define STDC_HEADERS 1
| /* end confdefs.h.  */
| #include <stdio.h>
| #ifdef HAVE_SYS_TYPES_H
| # include <sys/types.h>
| #endif
| #ifdef HAVE_SYS_STAT_H
| # include <sys/stat.h>
| #endif
| #ifdef STDC_HEADERS
| # include <stdlib.h>
| # include <stddef.h>
| #else
| # ifdef HAVE_STDLIB_H
| #  include <stdlib.h>
| # endif
| #endif
| #ifdef HAVE_STRING_H
| # if !defined STDC_HEADERS && defined HAVE_MEMORY_H
| #  include <memory.h>
| # endif
| # include <string.h>
| #endif
| #ifdef HAVE_STRINGS_H
| # include <strings.h>
| #endif
| #ifdef HAVE_INTTYPES_H
| # include <inttypes.h>
| #endif
| #ifdef HAVE_STDINT_H
| # include <stdint.h>
| #endif
| #ifdef HAVE_UNISTD_H
| # include <unistd.h>
| #endif
| 	        enum { N = 16 / 2 - 1 };
| int
| main ()
| {
| static int test_array [1 - 2 * !((int16_t) (((((int16_t) 1 << N) << N) - 1) * 2 + 1)
| 		 < (int16_t) (((((int16_t) 1 << N) << N) - 1) * 2 + 2))];
| test_array [0] = 0;
| return test_array [0];
| 
|   ;
|   return 0;
| }
configure:3925: result: yes
configure:3936: checking for int32_t
configure:3936: clang -c -g -O2  conftest.c >&5
configure:3936: $? = 0
configure:3936: clang -c -g -O2  conftest.c >&5
conftest.c:69:24: error: 'test_array' declared as an array with a negative size
static int test_array [1 - 2 * !((int32_t) (((((int32_t) 1 << N) << N) - 1) * 2 + 1)
                       ^~~~~~~~~~~~~~~~~~~~~~~~~~~~~~~~~~~~~~~~~~~~~~~~~~~~~~~~~~~~~
1 error generated.
configure:3936: $? = 1
configure: failed program was:
| /* confdefs.h */
| #define PACKAGE_NAME "libgnustep-corebase"
| #define PACKAGE_TARNAME "libgnustep-corebase"
| #define PACKAGE_VERSION "0.2"
| #define PACKAGE_STRING "libgnustep-corebase 0.2"
| #define PACKAGE_BUGREPORT "bug-gnustep@gnu.org"
| #define PACKAGE_URL ""
| #define STDC_HEADERS 1
| #define HAVE_SYS_TYPES_H 1
| #define HAVE_SYS_STAT_H 1
| #define HAVE_STDLIB_H 1
| #define HAVE_STRING_H 1
| #define HAVE_MEMORY_H 1
| #define HAVE_STRINGS_H 1
| #define HAVE_INTTYPES_H 1
| #define HAVE_STDINT_H 1
| #define HAVE_UNISTD_H 1
| #define HAVE_FCNTL_H 1
| #define HAVE_FLOAT_H 1
| #define HAVE_LIMITS_H 1
| #define HAVE_MATH_H 1
| #define HAVE_STDDEF_H 1
| #define HAVE_STDINT_H 1
| #define HAVE_STDLIB_H 1
| #define HAVE_STRING_H 1
| #define HAVE_SYS_TIME_H 1
| #define HAVE_UNISTD_H 1
| #define HAVE__BOOL 1
| #define HAVE_STDBOOL_H 1
| #define STDC_HEADERS 1
| /* end confdefs.h.  */
| #include <stdio.h>
| #ifdef HAVE_SYS_TYPES_H
| # include <sys/types.h>
| #endif
| #ifdef HAVE_SYS_STAT_H
| # include <sys/stat.h>
| #endif
| #ifdef STDC_HEADERS
| # include <stdlib.h>
| # include <stddef.h>
| #else
| # ifdef HAVE_STDLIB_H
| #  include <stdlib.h>
| # endif
| #endif
| #ifdef HAVE_STRING_H
| # if !defined STDC_HEADERS && defined HAVE_MEMORY_H
| #  include <memory.h>
| # endif
| # include <string.h>
| #endif
| #ifdef HAVE_STRINGS_H
| # include <strings.h>
| #endif
| #ifdef HAVE_INTTYPES_H
| # include <inttypes.h>
| #endif
| #ifdef HAVE_STDINT_H
| # include <stdint.h>
| #endif
| #ifdef HAVE_UNISTD_H
| # include <unistd.h>
| #endif
| 	        enum { N = 32 / 2 - 1 };
| int
| main ()
| {
| static int test_array [1 - 2 * !((int32_t) (((((int32_t) 1 << N) << N) - 1) * 2 + 1)
| 		 < (int32_t) (((((int32_t) 1 << N) << N) - 1) * 2 + 2))];
| test_array [0] = 0;
| return test_array [0];
| 
|   ;
|   return 0;
| }
configure:3936: result: yes
configure:3947: checking for int64_t
configure:3947: clang -c -g -O2  conftest.c >&5
configure:3947: $? = 0
configure:3947: clang -c -g -O2  conftest.c >&5
conftest.c:69:24: error: 'test_array' declared as an array with a negative size
static int test_array [1 - 2 * !((int64_t) (((((int64_t) 1 << N) << N) - 1) * 2 + 1)
                       ^~~~~~~~~~~~~~~~~~~~~~~~~~~~~~~~~~~~~~~~~~~~~~~~~~~~~~~~~~~~~
1 error generated.
configure:3947: $? = 1
configure: failed program was:
| /* confdefs.h */
| #define PACKAGE_NAME "libgnustep-corebase"
| #define PACKAGE_TARNAME "libgnustep-corebase"
| #define PACKAGE_VERSION "0.2"
| #define PACKAGE_STRING "libgnustep-corebase 0.2"
| #define PACKAGE_BUGREPORT "bug-gnustep@gnu.org"
| #define PACKAGE_URL ""
| #define STDC_HEADERS 1
| #define HAVE_SYS_TYPES_H 1
| #define HAVE_SYS_STAT_H 1
| #define HAVE_STDLIB_H 1
| #define HAVE_STRING_H 1
| #define HAVE_MEMORY_H 1
| #define HAVE_STRINGS_H 1
| #define HAVE_INTTYPES_H 1
| #define HAVE_STDINT_H 1
| #define HAVE_UNISTD_H 1
| #define HAVE_FCNTL_H 1
| #define HAVE_FLOAT_H 1
| #define HAVE_LIMITS_H 1
| #define HAVE_MATH_H 1
| #define HAVE_STDDEF_H 1
| #define HAVE_STDINT_H 1
| #define HAVE_STDLIB_H 1
| #define HAVE_STRING_H 1
| #define HAVE_SYS_TIME_H 1
| #define HAVE_UNISTD_H 1
| #define HAVE__BOOL 1
| #define HAVE_STDBOOL_H 1
| #define STDC_HEADERS 1
| /* end confdefs.h.  */
| #include <stdio.h>
| #ifdef HAVE_SYS_TYPES_H
| # include <sys/types.h>
| #endif
| #ifdef HAVE_SYS_STAT_H
| # include <sys/stat.h>
| #endif
| #ifdef STDC_HEADERS
| # include <stdlib.h>
| # include <stddef.h>
| #else
| # ifdef HAVE_STDLIB_H
| #  include <stdlib.h>
| # endif
| #endif
| #ifdef HAVE_STRING_H
| # if !defined STDC_HEADERS && defined HAVE_MEMORY_H
| #  include <memory.h>
| # endif
| # include <string.h>
| #endif
| #ifdef HAVE_STRINGS_H
| # include <strings.h>
| #endif
| #ifdef HAVE_INTTYPES_H
| # include <inttypes.h>
| #endif
| #ifdef HAVE_STDINT_H
| # include <stdint.h>
| #endif
| #ifdef HAVE_UNISTD_H
| # include <unistd.h>
| #endif
| 	        enum { N = 64 / 2 - 1 };
| int
| main ()
| {
| static int test_array [1 - 2 * !((int64_t) (((((int64_t) 1 << N) << N) - 1) * 2 + 1)
| 		 < (int64_t) (((((int64_t) 1 << N) << N) - 1) * 2 + 2))];
| test_array [0] = 0;
| return test_array [0];
| 
|   ;
|   return 0;
| }
configure:3947: result: yes
configure:3958: checking for int8_t
configure:3958: clang -c -g -O2  conftest.c >&5
configure:3958: $? = 0
configure:3958: clang -c -g -O2  conftest.c >&5
conftest.c:69:24: error: 'test_array' declared as an array with a negative size
static int test_array [1 - 2 * !((int8_t) (((((int8_t) 1 << N) << N) - 1) * 2 + 1)
                       ^~~~~~~~~~~~~~~~~~~~~~~~~~~~~~~~~~~~~~~~~~~~~~~~~~~~~~~~~~~
1 error generated.
configure:3958: $? = 1
configure: failed program was:
| /* confdefs.h */
| #define PACKAGE_NAME "libgnustep-corebase"
| #define PACKAGE_TARNAME "libgnustep-corebase"
| #define PACKAGE_VERSION "0.2"
| #define PACKAGE_STRING "libgnustep-corebase 0.2"
| #define PACKAGE_BUGREPORT "bug-gnustep@gnu.org"
| #define PACKAGE_URL ""
| #define STDC_HEADERS 1
| #define HAVE_SYS_TYPES_H 1
| #define HAVE_SYS_STAT_H 1
| #define HAVE_STDLIB_H 1
| #define HAVE_STRING_H 1
| #define HAVE_MEMORY_H 1
| #define HAVE_STRINGS_H 1
| #define HAVE_INTTYPES_H 1
| #define HAVE_STDINT_H 1
| #define HAVE_UNISTD_H 1
| #define HAVE_FCNTL_H 1
| #define HAVE_FLOAT_H 1
| #define HAVE_LIMITS_H 1
| #define HAVE_MATH_H 1
| #define HAVE_STDDEF_H 1
| #define HAVE_STDINT_H 1
| #define HAVE_STDLIB_H 1
| #define HAVE_STRING_H 1
| #define HAVE_SYS_TIME_H 1
| #define HAVE_UNISTD_H 1
| #define HAVE__BOOL 1
| #define HAVE_STDBOOL_H 1
| #define STDC_HEADERS 1
| /* end confdefs.h.  */
| #include <stdio.h>
| #ifdef HAVE_SYS_TYPES_H
| # include <sys/types.h>
| #endif
| #ifdef HAVE_SYS_STAT_H
| # include <sys/stat.h>
| #endif
| #ifdef STDC_HEADERS
| # include <stdlib.h>
| # include <stddef.h>
| #else
| # ifdef HAVE_STDLIB_H
| #  include <stdlib.h>
| # endif
| #endif
| #ifdef HAVE_STRING_H
| # if !defined STDC_HEADERS && defined HAVE_MEMORY_H
| #  include <memory.h>
| # endif
| # include <string.h>
| #endif
| #ifdef HAVE_STRINGS_H
| # include <strings.h>
| #endif
| #ifdef HAVE_INTTYPES_H
| # include <inttypes.h>
| #endif
| #ifdef HAVE_STDINT_H
| # include <stdint.h>
| #endif
| #ifdef HAVE_UNISTD_H
| # include <unistd.h>
| #endif
| 	        enum { N = 8 / 2 - 1 };
| int
| main ()
| {
| static int test_array [1 - 2 * !((int8_t) (((((int8_t) 1 << N) << N) - 1) * 2 + 1)
| 		 < (int8_t) (((((int8_t) 1 << N) << N) - 1) * 2 + 2))];
| test_array [0] = 0;
| return test_array [0];
| 
|   ;
|   return 0;
| }
configure:3958: result: yes
configure:3969: checking for size_t
configure:3969: clang -c -g -O2  conftest.c >&5
configure:3969: $? = 0
configure:3969: clang -c -g -O2  conftest.c >&5
conftest.c:68:21: error: expected expression
if (sizeof ((size_t)))
                    ^
1 error generated.
configure:3969: $? = 1
configure: failed program was:
| /* confdefs.h */
| #define PACKAGE_NAME "libgnustep-corebase"
| #define PACKAGE_TARNAME "libgnustep-corebase"
| #define PACKAGE_VERSION "0.2"
| #define PACKAGE_STRING "libgnustep-corebase 0.2"
| #define PACKAGE_BUGREPORT "bug-gnustep@gnu.org"
| #define PACKAGE_URL ""
| #define STDC_HEADERS 1
| #define HAVE_SYS_TYPES_H 1
| #define HAVE_SYS_STAT_H 1
| #define HAVE_STDLIB_H 1
| #define HAVE_STRING_H 1
| #define HAVE_MEMORY_H 1
| #define HAVE_STRINGS_H 1
| #define HAVE_INTTYPES_H 1
| #define HAVE_STDINT_H 1
| #define HAVE_UNISTD_H 1
| #define HAVE_FCNTL_H 1
| #define HAVE_FLOAT_H 1
| #define HAVE_LIMITS_H 1
| #define HAVE_MATH_H 1
| #define HAVE_STDDEF_H 1
| #define HAVE_STDINT_H 1
| #define HAVE_STDLIB_H 1
| #define HAVE_STRING_H 1
| #define HAVE_SYS_TIME_H 1
| #define HAVE_UNISTD_H 1
| #define HAVE__BOOL 1
| #define HAVE_STDBOOL_H 1
| #define STDC_HEADERS 1
| /* end confdefs.h.  */
| #include <stdio.h>
| #ifdef HAVE_SYS_TYPES_H
| # include <sys/types.h>
| #endif
| #ifdef HAVE_SYS_STAT_H
| # include <sys/stat.h>
| #endif
| #ifdef STDC_HEADERS
| # include <stdlib.h>
| # include <stddef.h>
| #else
| # ifdef HAVE_STDLIB_H
| #  include <stdlib.h>
| # endif
| #endif
| #ifdef HAVE_STRING_H
| # if !defined STDC_HEADERS && defined HAVE_MEMORY_H
| #  include <memory.h>
| # endif
| # include <string.h>
| #endif
| #ifdef HAVE_STRINGS_H
| # include <strings.h>
| #endif
| #ifdef HAVE_INTTYPES_H
| # include <inttypes.h>
| #endif
| #ifdef HAVE_STDINT_H
| # include <stdint.h>
| #endif
| #ifdef HAVE_UNISTD_H
| # include <unistd.h>
| #endif
| int
| main ()
| {
| if (sizeof ((size_t)))
| 	    return 0;
|   ;
|   return 0;
| }
configure:3969: result: yes
configure:3980: checking for ssize_t
configure:3980: clang -c -g -O2  conftest.c >&5
configure:3980: $? = 0
configure:3980: clang -c -g -O2  conftest.c >&5
conftest.c:68:22: error: expected expression
if (sizeof ((ssize_t)))
                     ^
1 error generated.
configure:3980: $? = 1
configure: failed program was:
| /* confdefs.h */
| #define PACKAGE_NAME "libgnustep-corebase"
| #define PACKAGE_TARNAME "libgnustep-corebase"
| #define PACKAGE_VERSION "0.2"
| #define PACKAGE_STRING "libgnustep-corebase 0.2"
| #define PACKAGE_BUGREPORT "bug-gnustep@gnu.org"
| #define PACKAGE_URL ""
| #define STDC_HEADERS 1
| #define HAVE_SYS_TYPES_H 1
| #define HAVE_SYS_STAT_H 1
| #define HAVE_STDLIB_H 1
| #define HAVE_STRING_H 1
| #define HAVE_MEMORY_H 1
| #define HAVE_STRINGS_H 1
| #define HAVE_INTTYPES_H 1
| #define HAVE_STDINT_H 1
| #define HAVE_UNISTD_H 1
| #define HAVE_FCNTL_H 1
| #define HAVE_FLOAT_H 1
| #define HAVE_LIMITS_H 1
| #define HAVE_MATH_H 1
| #define HAVE_STDDEF_H 1
| #define HAVE_STDINT_H 1
| #define HAVE_STDLIB_H 1
| #define HAVE_STRING_H 1
| #define HAVE_SYS_TIME_H 1
| #define HAVE_UNISTD_H 1
| #define HAVE__BOOL 1
| #define HAVE_STDBOOL_H 1
| #define STDC_HEADERS 1
| /* end confdefs.h.  */
| #include <stdio.h>
| #ifdef HAVE_SYS_TYPES_H
| # include <sys/types.h>
| #endif
| #ifdef HAVE_SYS_STAT_H
| # include <sys/stat.h>
| #endif
| #ifdef STDC_HEADERS
| # include <stdlib.h>
| # include <stddef.h>
| #else
| # ifdef HAVE_STDLIB_H
| #  include <stdlib.h>
| # endif
| #endif
| #ifdef HAVE_STRING_H
| # if !defined STDC_HEADERS && defined HAVE_MEMORY_H
| #  include <memory.h>
| # endif
| # include <string.h>
| #endif
| #ifdef HAVE_STRINGS_H
| # include <strings.h>
| #endif
| #ifdef HAVE_INTTYPES_H
| # include <inttypes.h>
| #endif
| #ifdef HAVE_STDINT_H
| # include <stdint.h>
| #endif
| #ifdef HAVE_UNISTD_H
| # include <unistd.h>
| #endif
| int
| main ()
| {
| if (sizeof ((ssize_t)))
| 	    return 0;
|   ;
|   return 0;
| }
configure:3980: result: yes
configure:3991: checking for uint16_t
configure:3991: clang -c -g -O2  conftest.c >&5
configure:3991: $? = 0
configure:3991: result: yes
configure:4003: checking for uint32_t
configure:4003: clang -c -g -O2  conftest.c >&5
configure:4003: $? = 0
configure:4003: result: yes
configure:4017: checking for uint64_t
configure:4017: clang -c -g -O2  conftest.c >&5
configure:4017: $? = 0
configure:4017: result: yes
configure:4031: checking for uint8_t
configure:4031: clang -c -g -O2  conftest.c >&5
configure:4031: $? = 0
configure:4031: result: yes
configure:4045: checking for ptrdiff_t
configure:4045: clang -c -g -O2  conftest.c >&5
configure:4045: $? = 0
configure:4045: clang -c -g -O2  conftest.c >&5
conftest.c:68:24: error: expected expression
if (sizeof ((ptrdiff_t)))
                       ^
1 error generated.
configure:4045: $? = 1
configure: failed program was:
| /* confdefs.h */
| #define PACKAGE_NAME "libgnustep-corebase"
| #define PACKAGE_TARNAME "libgnustep-corebase"
| #define PACKAGE_VERSION "0.2"
| #define PACKAGE_STRING "libgnustep-corebase 0.2"
| #define PACKAGE_BUGREPORT "bug-gnustep@gnu.org"
| #define PACKAGE_URL ""
| #define STDC_HEADERS 1
| #define HAVE_SYS_TYPES_H 1
| #define HAVE_SYS_STAT_H 1
| #define HAVE_STDLIB_H 1
| #define HAVE_STRING_H 1
| #define HAVE_MEMORY_H 1
| #define HAVE_STRINGS_H 1
| #define HAVE_INTTYPES_H 1
| #define HAVE_STDINT_H 1
| #define HAVE_UNISTD_H 1
| #define HAVE_FCNTL_H 1
| #define HAVE_FLOAT_H 1
| #define HAVE_LIMITS_H 1
| #define HAVE_MATH_H 1
| #define HAVE_STDDEF_H 1
| #define HAVE_STDINT_H 1
| #define HAVE_STDLIB_H 1
| #define HAVE_STRING_H 1
| #define HAVE_SYS_TIME_H 1
| #define HAVE_UNISTD_H 1
| #define HAVE__BOOL 1
| #define HAVE_STDBOOL_H 1
| #define STDC_HEADERS 1
| /* end confdefs.h.  */
| #include <stdio.h>
| #ifdef HAVE_SYS_TYPES_H
| # include <sys/types.h>
| #endif
| #ifdef HAVE_SYS_STAT_H
| # include <sys/stat.h>
| #endif
| #ifdef STDC_HEADERS
| # include <stdlib.h>
| # include <stddef.h>
| #else
| # ifdef HAVE_STDLIB_H
| #  include <stdlib.h>
| # endif
| #endif
| #ifdef HAVE_STRING_H
| # if !defined STDC_HEADERS && defined HAVE_MEMORY_H
| #  include <memory.h>
| # endif
| # include <string.h>
| #endif
| #ifdef HAVE_STRINGS_H
| # include <strings.h>
| #endif
| #ifdef HAVE_INTTYPES_H
| # include <inttypes.h>
| #endif
| #ifdef HAVE_STDINT_H
| # include <stdint.h>
| #endif
| #ifdef HAVE_UNISTD_H
| # include <unistd.h>
| #endif
| int
| main ()
| {
| if (sizeof ((ptrdiff_t)))
| 	    return 0;
|   ;
|   return 0;
| }
configure:4045: result: yes
configure:4055: checking whether byte ordering is bigendian
configure:4070: clang -c -g -O2  conftest.c >&5
conftest.c:34:9: error: unknown type name 'not'
               not a universal capable compiler
               ^
conftest.c:34:14: error: expected ';' after top level declarator
               not a universal capable compiler
                    ^
                    ;
2 errors generated.
configure:4070: $? = 1
configure: failed program was:
| /* confdefs.h */
| #define PACKAGE_NAME "libgnustep-corebase"
| #define PACKAGE_TARNAME "libgnustep-corebase"
| #define PACKAGE_VERSION "0.2"
| #define PACKAGE_STRING "libgnustep-corebase 0.2"
| #define PACKAGE_BUGREPORT "bug-gnustep@gnu.org"
| #define PACKAGE_URL ""
| #define STDC_HEADERS 1
| #define HAVE_SYS_TYPES_H 1
| #define HAVE_SYS_STAT_H 1
| #define HAVE_STDLIB_H 1
| #define HAVE_STRING_H 1
| #define HAVE_MEMORY_H 1
| #define HAVE_STRINGS_H 1
| #define HAVE_INTTYPES_H 1
| #define HAVE_STDINT_H 1
| #define HAVE_UNISTD_H 1
| #define HAVE_FCNTL_H 1
| #define HAVE_FLOAT_H 1
| #define HAVE_LIMITS_H 1
| #define HAVE_MATH_H 1
| #define HAVE_STDDEF_H 1
| #define HAVE_STDINT_H 1
| #define HAVE_STDLIB_H 1
| #define HAVE_STRING_H 1
| #define HAVE_SYS_TIME_H 1
| #define HAVE_UNISTD_H 1
| #define HAVE__BOOL 1
| #define HAVE_STDBOOL_H 1
| #define STDC_HEADERS 1
| #define HAVE_PTRDIFF_T 1
| /* end confdefs.h.  */
| #ifndef __APPLE_CC__
| 	       not a universal capable compiler
| 	     #endif
| 	     typedef int dummy;
| 
configure:4115: clang -c -g -O2  conftest.c >&5
configure:4115: $? = 0
configure:4133: clang -c -g -O2  conftest.c >&5
conftest.c:40:4: error: use of undeclared identifier 'not'
                 not big endian
                 ^
1 error generated.
configure:4133: $? = 1
configure: failed program was:
| /* confdefs.h */
| #define PACKAGE_NAME "libgnustep-corebase"
| #define PACKAGE_TARNAME "libgnustep-corebase"
| #define PACKAGE_VERSION "0.2"
| #define PACKAGE_STRING "libgnustep-corebase 0.2"
| #define PACKAGE_BUGREPORT "bug-gnustep@gnu.org"
| #define PACKAGE_URL ""
| #define STDC_HEADERS 1
| #define HAVE_SYS_TYPES_H 1
| #define HAVE_SYS_STAT_H 1
| #define HAVE_STDLIB_H 1
| #define HAVE_STRING_H 1
| #define HAVE_MEMORY_H 1
| #define HAVE_STRINGS_H 1
| #define HAVE_INTTYPES_H 1
| #define HAVE_STDINT_H 1
| #define HAVE_UNISTD_H 1
| #define HAVE_FCNTL_H 1
| #define HAVE_FLOAT_H 1
| #define HAVE_LIMITS_H 1
| #define HAVE_MATH_H 1
| #define HAVE_STDDEF_H 1
| #define HAVE_STDINT_H 1
| #define HAVE_STDLIB_H 1
| #define HAVE_STRING_H 1
| #define HAVE_SYS_TIME_H 1
| #define HAVE_UNISTD_H 1
| #define HAVE__BOOL 1
| #define HAVE_STDBOOL_H 1
| #define STDC_HEADERS 1
| #define HAVE_PTRDIFF_T 1
| /* end confdefs.h.  */
| #include <sys/types.h>
| 		#include <sys/param.h>
| 
| int
| main ()
| {
| #if BYTE_ORDER != BIG_ENDIAN
| 		 not big endian
| 		#endif
| 
|   ;
|   return 0;
| }
configure:4261: result: no
configure:4283: checking size of void *
configure:4288: clang -o conftest -g -O2   conftest.c  >&5
configure:4288: $? = 0
configure:4288: ./conftest
configure:4288: $? = 0
configure:4302: result: 8
configure:4316: checking for stdlib.h
configure:4316: result: yes
configure:4326: checking for GNU libc compatible malloc
configure:4350: clang -o conftest -g -O2   conftest.c  >&5
configure:4350: $? = 0
configure:4350: ./conftest
configure:4350: $? = 0
configure:4360: result: yes
configure:4383: checking for stdlib.h
configure:4383: result: yes
configure:4393: checking for GNU libc compatible realloc
configure:4417: clang -o conftest -g -O2   conftest.c  >&5
configure:4417: $? = 0
configure:4417: ./conftest
configure:4417: $? = 0
configure:4427: result: yes
configure:4448: checking for pow in -lm
configure:4473: clang -o conftest -g -O2   conftest.c -lm   >&5
conftest.c:45:6: warning: incompatible redeclaration of library function 'pow' [-Wincompatible-library-redeclaration]
char pow ();
     ^
conftest.c:45:6: note: 'pow' is a builtin with type 'double (double, double)'
1 warning generated.
configure:4473: $? = 0
configure:4482: result: yes
configure:4496: checking for floor
configure:4496: clang -o conftest -g -O2   conftest.c -lm  >&5
conftest.c:62:6: warning: incompatible redeclaration of library function 'floor' [-Wincompatible-library-redeclaration]
char floor ();
     ^
conftest.c:62:6: note: 'floor' is a builtin with type 'double (double)'
1 warning generated.
configure:4496: $? = 0
configure:4496: result: yes
configure:4496: checking for getcwd
configure:4496: clang -o conftest -g -O2   conftest.c -lm  >&5
configure:4496: $? = 0
configure:4496: result: yes
configure:4496: checking for gettimeofday
configure:4496: clang -o conftest -g -O2   conftest.c -lm  >&5
configure:4496: $? = 0
configure:4496: result: yes
configure:4496: checking for memmove
configure:4496: clang -o conftest -g -O2   conftest.c -lm  >&5
conftest.c:65:6: warning: incompatible redeclaration of library function 'memmove' [-Wincompatible-library-redeclaration]
char memmove ();
     ^
conftest.c:65:6: note: 'memmove' is a builtin with type 'void *(void *, const void *, unsigned long)'
1 warning generated.
configure:4496: $? = 0
configure:4496: result: yes
configure:4496: checking for memset
configure:4496: clang -o conftest -g -O2   conftest.c -lm  >&5
conftest.c:66:6: warning: incompatible redeclaration of library function 'memset' [-Wincompatible-library-redeclaration]
char memset ();
     ^
conftest.c:66:6: note: 'memset' is a builtin with type 'void *(void *, int, unsigned long)'
1 warning generated.
configure:4496: $? = 0
configure:4496: result: yes
configure:4496: checking for mkdir
configure:4496: clang -o conftest -g -O2   conftest.c -lm  >&5
configure:4496: $? = 0
configure:4496: result: yes
configure:4496: checking for modf
configure:4496: clang -o conftest -g -O2   conftest.c -lm  >&5
configure:4496: $? = 0
configure:4496: result: yes
configure:4496: checking for rmdir
configure:4496: clang -o conftest -g -O2   conftest.c -lm  >&5
configure:4496: $? = 0
configure:4496: result: yes
configure:4496: checking for strncasecmp
configure:4496: clang -o conftest -g -O2   conftest.c -lm  >&5
conftest.c:70:6: warning: incompatible redeclaration of library function 'strncasecmp' [-Wincompatible-library-redeclaration]
char strncasecmp ();
     ^
conftest.c:70:6: note: 'strncasecmp' is a builtin with type 'int (const char *, const char *, unsigned long)'
1 warning generated.
configure:4496: $? = 0
configure:4496: result: yes
configure:4519: checking for gnustep-config
configure:4537: found /usr/local/bin/gnustep-config
configure:4550: result: /usr/local/bin/gnustep-config
configure:4684: checking for icu-config
configure:4702: found /usr/bin/icu-config
configure:4715: result: /usr/bin/icu-config
configure:4727: checking for ICU 4.0 or later
configure:4732: result: yes
configure:4745: checking unicode/ucal.h usability
configure:4745: clang -c -g -O2  conftest.c >&5
configure:4745: $? = 0
configure:4745: result: yes
configure:4745: checking unicode/ucal.h presence
configure:4745: clang -E  conftest.c
configure:4745: $? = 0
configure:4745: result: yes
configure:4745: checking for unicode/ucal.h
configure:4745: result: yes
configure:4745: checking unicode/uchar.h usability
configure:4745: clang -c -g -O2  conftest.c >&5
configure:4745: $? = 0
configure:4745: result: yes
configure:4745: checking unicode/uchar.h presence
configure:4745: clang -E  conftest.c
configure:4745: $? = 0
configure:4745: result: yes
configure:4745: checking for unicode/uchar.h
configure:4745: result: yes
configure:4745: checking unicode/ucnv.h usability
configure:4745: clang -c -g -O2  conftest.c >&5
configure:4745: $? = 0
configure:4745: result: yes
configure:4745: checking unicode/ucnv.h presence
configure:4745: clang -E  conftest.c
configure:4745: $? = 0
configure:4745: result: yes
configure:4745: checking for unicode/ucnv.h
configure:4745: result: yes
configure:4745: checking unicode/ucol.h usability
configure:4745: clang -c -g -O2  conftest.c >&5
configure:4745: $? = 0
configure:4745: result: yes
configure:4745: checking unicode/ucol.h presence
configure:4745: clang -E  conftest.c
configure:4745: $? = 0
configure:4745: result: yes
configure:4745: checking for unicode/ucol.h
configure:4745: result: yes
configure:4745: checking unicode/ucurr.h usability
configure:4745: clang -c -g -O2  conftest.c >&5
configure:4745: $? = 0
configure:4745: result: yes
configure:4745: checking unicode/ucurr.h presence
configure:4745: clang -E  conftest.c
configure:4745: $? = 0
configure:4745: result: yes
configure:4745: checking for unicode/ucurr.h
configure:4745: result: yes
configure:4745: checking unicode/udat.h usability
configure:4745: clang -c -g -O2  conftest.c >&5
configure:4745: $? = 0
configure:4745: result: yes
configure:4745: checking unicode/udat.h presence
configure:4745: clang -E  conftest.c
configure:4745: $? = 0
configure:4745: result: yes
configure:4745: checking for unicode/udat.h
configure:4745: result: yes
configure:4745: checking unicode/udatpg.h usability
configure:4745: clang -c -g -O2  conftest.c >&5
configure:4745: $? = 0
configure:4745: result: yes
configure:4745: checking unicode/udatpg.h presence
configure:4745: clang -E  conftest.c
configure:4745: $? = 0
configure:4745: result: yes
configure:4745: checking for unicode/udatpg.h
configure:4745: result: yes
configure:4745: checking unicode/uloc.h usability
configure:4745: clang -c -g -O2  conftest.c >&5
configure:4745: $? = 0
configure:4745: result: yes
configure:4745: checking unicode/uloc.h presence
configure:4745: clang -E  conftest.c
configure:4745: $? = 0
configure:4745: result: yes
configure:4745: checking for unicode/uloc.h
configure:4745: result: yes
configure:4745: checking unicode/ulocdata.h usability
configure:4745: clang -c -g -O2  conftest.c >&5
configure:4745: $? = 0
configure:4745: result: yes
configure:4745: checking unicode/ulocdata.h presence
configure:4745: clang -E  conftest.c
configure:4745: $? = 0
configure:4745: result: yes
configure:4745: checking for unicode/ulocdata.h
configure:4745: result: yes
configure:4745: checking unicode/unorm.h usability
configure:4745: clang -c -g -O2  conftest.c >&5
configure:4745: $? = 0
configure:4745: result: yes
configure:4745: checking unicode/unorm.h presence
configure:4745: clang -E  conftest.c
configure:4745: $? = 0
configure:4745: result: yes
configure:4745: checking for unicode/unorm.h
configure:4745: result: yes
configure:4745: checking unicode/unum.h usability
configure:4745: clang -c -g -O2  conftest.c >&5
configure:4745: $? = 0
configure:4745: result: yes
configure:4745: checking unicode/unum.h presence
configure:4745: clang -E  conftest.c
configure:4745: $? = 0
configure:4745: result: yes
configure:4745: checking for unicode/unum.h
configure:4745: result: yes
configure:4745: checking unicode/usearch.h usability
configure:4745: clang -c -g -O2  conftest.c >&5
configure:4745: $? = 0
configure:4745: result: yes
configure:4745: checking unicode/usearch.h presence
configure:4745: clang -E  conftest.c
configure:4745: $? = 0
configure:4745: result: yes
configure:4745: checking for unicode/usearch.h
configure:4745: result: yes
configure:4745: checking unicode/ustring.h usability
configure:4745: clang -c -g -O2  conftest.c >&5
configure:4745: $? = 0
configure:4745: result: yes
configure:4745: checking unicode/ustring.h presence
configure:4745: clang -E  conftest.c
configure:4745: $? = 0
configure:4745: result: yes
configure:4745: checking for unicode/ustring.h
configure:4745: result: yes
configure:4745: checking unicode/utrans.h usability
configure:4745: clang -c -g -O2  conftest.c >&5
configure:4745: $? = 0
configure:4745: result: yes
configure:4745: checking unicode/utrans.h presence
configure:4745: clang -E  conftest.c
configure:4745: $? = 0
configure:4745: result: yes
configure:4745: checking for unicode/utrans.h
configure:4745: result: yes
configure:4771: checking zoneinfo directory
configure:4794: result: /usr/share/zoneinfo
configure:4920: creating ./config.status

## ---------------------- ##
## Running config.status. ##
## ---------------------- ##

This file was extended by libgnustep-corebase config.status 0.2, which was
generated by GNU Autoconf 2.69.  Invocation command line was

  CONFIG_FILES    = 
  CONFIG_HEADERS  = 
  CONFIG_LINKS    = 
  CONFIG_COMMANDS = 
  $ ./config.status 

on bryce-MacBookPro

config.status:846: creating Source/GNUmakefile
config.status:846: creating Source/config.h

## ---------------- ##
## Cache variables. ##
## ---------------- ##

ac_cv_c_bigendian=no
ac_cv_c_compiler_gnu=yes
ac_cv_c_inline=inline
ac_cv_c_int16_t=yes
ac_cv_c_int32_t=yes
ac_cv_c_int64_t=yes
ac_cv_c_int8_t=yes
ac_cv_c_uint16_t=yes
ac_cv_c_uint32_t=yes
ac_cv_c_uint64_t=yes
ac_cv_c_uint8_t=yes
ac_cv_env_CC_set=set
ac_cv_env_CC_value=clang
ac_cv_env_CFLAGS_set=
ac_cv_env_CFLAGS_value=
ac_cv_env_CPPFLAGS_set=
ac_cv_env_CPPFLAGS_value=
ac_cv_env_CPP_set=
ac_cv_env_CPP_value=
ac_cv_env_LDFLAGS_set=
ac_cv_env_LDFLAGS_value=
ac_cv_env_LIBS_set=
ac_cv_env_LIBS_value=
ac_cv_env_build_alias_set=
ac_cv_env_build_alias_value=
ac_cv_env_host_alias_set=
ac_cv_env_host_alias_value=
ac_cv_env_target_alias_set=
ac_cv_env_target_alias_value=
ac_cv_func_floor=yes
ac_cv_func_getcwd=yes
ac_cv_func_gettimeofday=yes
ac_cv_func_malloc_0_nonnull=yes
ac_cv_func_memmove=yes
ac_cv_func_memset=yes
ac_cv_func_mkdir=yes
ac_cv_func_modf=yes
ac_cv_func_realloc_0_nonnull=yes
ac_cv_func_rmdir=yes
ac_cv_func_strncasecmp=yes
ac_cv_header_fcntl_h=yes
ac_cv_header_float_h=yes
ac_cv_header_inttypes_h=yes
ac_cv_header_limits_h=yes
ac_cv_header_math_h=yes
ac_cv_header_memory_h=yes
ac_cv_header_stdbool_h=yes
ac_cv_header_stdc=yes
ac_cv_header_stddef_h=yes
ac_cv_header_stdint_h=yes
ac_cv_header_stdlib_h=yes
ac_cv_header_string_h=yes
ac_cv_header_strings_h=yes
ac_cv_header_sys_stat_h=yes
ac_cv_header_sys_time_h=yes
ac_cv_header_sys_types_h=yes
ac_cv_header_unicode_ucal_h=yes
ac_cv_header_unicode_uchar_h=yes
ac_cv_header_unicode_ucnv_h=yes
ac_cv_header_unicode_ucol_h=yes
ac_cv_header_unicode_ucurr_h=yes
ac_cv_header_unicode_udat_h=yes
ac_cv_header_unicode_udatpg_h=yes
ac_cv_header_unicode_uloc_h=yes
ac_cv_header_unicode_ulocdata_h=yes
ac_cv_header_unicode_unorm_h=yes
ac_cv_header_unicode_unum_h=yes
ac_cv_header_unicode_usearch_h=yes
ac_cv_header_unicode_ustring_h=yes
ac_cv_header_unicode_utrans_h=yes
ac_cv_header_unistd_h=yes
ac_cv_lib_m_pow=yes
ac_cv_objext=o
ac_cv_path_EGREP='/bin/grep -E'
ac_cv_path_GNUSTEP_CONFIG=/usr/local/bin/gnustep-config
ac_cv_path_GREP=/bin/grep
ac_cv_path_ICU_CONFIG=/usr/bin/icu-config
ac_cv_prog_CPP='clang -E'
ac_cv_prog_ac_ct_CC=clang
ac_cv_prog_cc_c89=
ac_cv_prog_cc_g=yes
ac_cv_sizeof_void_p=8
ac_cv_type__Bool=yes
ac_cv_type_ptrdiff_t=yes
ac_cv_type_size_t=yes
ac_cv_type_ssize_t=yes

## ----------------- ##
## Output variables. ##
## ----------------- ##

CC='clang'
CFLAGS='-g -O2'
CPP='clang -E'
CPPFLAGS=''
DEFS='-DHAVE_CONFIG_H'
ECHO_C=''
ECHO_N='-n'
ECHO_T=''
EGREP='/bin/grep -E'
EXEEXT=''
GNUSTEP_CONFIG='/usr/local/bin/gnustep-config'
GREP='/bin/grep'
ICU_CONFIG='/usr/bin/icu-config'
LDFLAGS=''
LIBOBJS=''
LIBS='-lm  -rdynamic -pthread -fgnu-runtime -L/home/bryce/GNUstep/Library/Libraries -L/usr/local/lib -lgnustep-base -lobjc -lm -licui18n -licuuc -licudata '
LTLIBOBJS=''
OBJEXT='o'
PACKAGE_BUGREPORT='bug-gnustep@gnu.org'
PACKAGE_NAME='libgnustep-corebase'
PACKAGE_STRING='libgnustep-corebase 0.2'
PACKAGE_TARNAME='libgnustep-corebase'
PACKAGE_URL=''
PACKAGE_VERSION='0.2'
PATH_SEPARATOR=':'
SHELL='/bin/bash'
ac_ct_CC='clang'
bindir='${exec_prefix}/bin'
build_alias=''
datadir='${datarootdir}'
datarootdir='${prefix}/share'
docdir='${datarootdir}/doc/${PACKAGE_TARNAME}'
dvidir='${docdir}'
exec_prefix='${prefix}'
host_alias=''
htmldir='${docdir}'
includedir='${prefix}/include'
infodir='${datarootdir}/info'
libdir='${exec_prefix}/lib'
libexecdir='${exec_prefix}/libexec'
localedir='${datarootdir}/locale'
localstatedir='${prefix}/var'
mandir='${datarootdir}/man'
oldincludedir='/usr/include'
pdfdir='${docdir}'
prefix='/usr/local'
program_transform_name='s,x,x,'
psdir='${docdir}'
sbindir='${exec_prefix}/sbin'
sharedstatedir='${prefix}/com'
sysconfdir='${prefix}/etc'
target_alias=''

## ----------- ##
## confdefs.h. ##
## ----------- ##

/* confdefs.h */
#define PACKAGE_NAME "libgnustep-corebase"
#define PACKAGE_TARNAME "libgnustep-corebase"
#define PACKAGE_VERSION "0.2"
#define PACKAGE_STRING "libgnustep-corebase 0.2"
#define PACKAGE_BUGREPORT "bug-gnustep@gnu.org"
#define PACKAGE_URL ""
#define STDC_HEADERS 1
#define HAVE_SYS_TYPES_H 1
#define HAVE_SYS_STAT_H 1
#define HAVE_STDLIB_H 1
#define HAVE_STRING_H 1
#define HAVE_MEMORY_H 1
#define HAVE_STRINGS_H 1
#define HAVE_INTTYPES_H 1
#define HAVE_STDINT_H 1
#define HAVE_UNISTD_H 1
#define HAVE_FCNTL_H 1
#define HAVE_FLOAT_H 1
#define HAVE_LIMITS_H 1
#define HAVE_MATH_H 1
#define HAVE_STDDEF_H 1
#define HAVE_STDINT_H 1
#define HAVE_STDLIB_H 1
#define HAVE_STRING_H 1
#define HAVE_SYS_TIME_H 1
#define HAVE_UNISTD_H 1
#define HAVE__BOOL 1
#define HAVE_STDBOOL_H 1
#define STDC_HEADERS 1
#define HAVE_PTRDIFF_T 1
#define SIZEOF_VOID_P 8
#define HAVE_STDLIB_H 1
#define HAVE_MALLOC 1
#define HAVE_STDLIB_H 1
#define HAVE_REALLOC 1
#define HAVE_LIBM 1
#define HAVE_FLOOR 1
#define HAVE_GETCWD 1
#define HAVE_GETTIMEOFDAY 1
#define HAVE_MEMMOVE 1
#define HAVE_MEMSET 1
#define HAVE_MKDIR 1
#define HAVE_MODF 1
#define HAVE_RMDIR 1
#define HAVE_STRNCASECMP 1
#define HAVE_LIBOBJC 1
#define HAVE_UNICODE_UCAL_H 1
#define HAVE_UNICODE_UCHAR_H 1
#define HAVE_UNICODE_UCNV_H 1
#define HAVE_UNICODE_UCOL_H 1
#define HAVE_UNICODE_UCURR_H 1
#define HAVE_UNICODE_UDAT_H 1
#define HAVE_UNICODE_UDATPG_H 1
#define HAVE_UNICODE_ULOC_H 1
#define HAVE_UNICODE_ULOCDATA_H 1
#define HAVE_UNICODE_UNORM_H 1
#define HAVE_UNICODE_UNUM_H 1
#define HAVE_UNICODE_USEARCH_H 1
#define HAVE_UNICODE_USTRING_H 1
#define HAVE_UNICODE_UTRANS_H 1
#define HAVE_ICU 1
#define TZDIR "/usr/share/zoneinfo"

configure: exit 0
